Computed 57741.55379870683 from 4.286027332785932, 4.535731740714159
Computed 173528.51622550347 from 3.345699046307173, 3.9126900108203637
Computed 46729.220256539586 from 4.00430987438387, 5.343406346549719
Computed 17586.286623762742 from 4.662920702460568, 6.774122682279073
Computed 44649.17408089841 from 3.7225924159818087, 6.1510809523852785
Computed 7825.111031709001 from 5.321531530537264, 8.204839018008427
Computed 50268.36966730812 from 3.440874957579746, 6.958755558220837
Computed 2338.3345888855656 from 6.638753186690658, 11.066271689467134
Computed 1948.7194566881356 from 7.202188103494782, 9.450922477796016
Computed 1191.8754915031175 from 7.955974842844052, 13.92770436092584
Computed 887.6607472050588 from 9.0828446764523, 10.697005937583604
Computed 1725.1882290271817 from 10.209714510060548, 7.466307514241368
Computed 666.3688596648167 from 12.844157822367336, 13.189172857158782
Computed 8864.711092542051 from 11.336584343668797, 4.235609090899132
Computed 782.7814741790405 from 16.605470968282372, 15.68133977673396
Computed 833.4160909704925 from 15.478601134674124, 18.912038200076196
Computed 782.7814741790405 from 16.605470968282372, 15.68133977673396
Computed 714.1263062141506 from 11.526936166213943, 10.327740185700076
Computed 667.0872011860995 from 10.963501249409818, 11.943089397371192
Computed 736.9516052757117 from 14.161379478520729, 16.05060552861749
Computed 718.5117321502424 from 14.724814395324854, 14.435256316946372
Computed 658.9514537607631 from 12.18554699429064, 11.75845652142943
Computed 654.5149404737481 from 11.903829535888576, 12.566131127264988
Computed 662.0028086802884 from 11.622112077486513, 13.373805733100546
Computed 667.0872011860995 from 10.963501249409816, 11.943089397371194
Computed 655.2265552259909 from 12.044688265089608, 12.16229382434721
Computed 658.4146252929861 from 12.373993679127956, 12.877651992211884
Computed 656.7692881335578 from 11.762970806687544, 12.969968430182767
Computed 656.5263382158699 from 11.433665392649196, 12.254610262318092
Computed 654.4991974466508 from 11.974258900489092, 12.364212475806099
Computed 655.8576746346679 from 12.138911607508266, 12.721891559738436
Computed 655.2265552259909 from 12.044688265089608, 12.16229382434721
Computed 655.8998890403386 from 11.809606193469918, 12.006533391873761
Computed 654.414459848729 from 11.939044218188833, 12.465171801535543
Computed 654.8748520231875 from 12.05658525399868, 12.543052017772268
Computed 654.5149404737482 from 11.903829535888574, 12.566131127264988
Computed 654.3247884774462 from 11.821503182378986, 12.387291585298819
Computed 654.8004837105948 from 11.868614853588316, 12.66709045299443
Computed 654.6419946243736 from 11.70396214656914, 12.30941136906209
Computed 654.8529475337089 from 11.739176828869399, 12.208452043332649
Computed 654.6419946243738 from 11.70396214656914, 12.309411369062094
Computed 654.3355024533862 from 11.86266635913378, 12.476711356281903
Computed 654.3210984272968 from 11.88027370028391, 12.426231693417181
Computed 654.3542540979612 from 11.89788104143404, 12.375752030552459
Computed 654.414459848729 from 11.939044218188833, 12.465171801535543
Computed 654.3223587287887 from 11.871470029708846, 12.451471524849541
Computed 654.310528189854 from 11.850888441331449, 12.406761639357999
Computed 654.3426019205768 from 11.830306852954052, 12.362051753866456
Computed 654.3247884774462 from 11.821503182378988, 12.387291585298817
Computed 654.3110394089571 from 11.861179235520147, 12.42911658210377
Computed 654.3127454568255 from 11.865581070807679, 12.41649666638759
Computed 654.320992323664 from 11.84059764714275, 12.384406696612228
Computed 654.3145183576287 from 11.83619581185522, 12.397026612328407
Computed 654.3094223999801 from 11.856033838425798, 12.417939110730885
Computed 654.3108653955427 from 11.858234756069564, 12.411629152872795
Computed 148570.50860006647 from 3.490820027705211, 3.948347632305981
Computed 82376.19576066146 from 5.306085079732272, 3.2375932799761977
Computed 97921.29999971838 from 5.08784046391763, 3.1584849543245808
Computed 73308.61968202783 from 7.121350131759333, 2.5268389276464145
Computed 69947.78286356851 from 5.524329695546914, 3.3167016056278147
Computed 85379.19587880548 from 8.936615183786394, 1.8160845753166317
Computed 59868.73153000462 from 5.742574311361556, 3.395809931279432
Computed 233327.84353491367 from 2.548533438936719, 4.9755352872422325
Computed 44752.24415839685 from 6.179063542990841, 3.5540265825826665
