Spotted marker <a> in line 1
Spotted marker <a> in line 2
Spotted marker <ab> in line 2
Spotted marker <a> in line 3
Spotted marker <ab> in line 3
Spotted marker <abc> in line 3
Spotted marker <a> in line 4
Spotted marker <ab> in line 4
Spotted marker <abc> in line 4
Spotted marker <abcd> in line 4
Spotted marker <a> in line 5
Spotted marker <a> in line 6
Spotted marker <ab> in line 6
Spotted marker <a> in line 7
Spotted marker <ab> in line 7
Spotted marker <a> in line 7
Spotted marker <a> in line 8
Spotted marker <ab> in line 8
Spotted marker <a> in line 8
Spotted marker <abab> in line 8
Spotted marker <ab> in line 8
Spotted marker <a> in line 8
Spotted marker <a> in line 9
Spotted marker <ab> in line 9
Spotted marker <a> in line 9
Spotted marker <abab> in line 9
Spotted marker <ab> in line 9
Spotted marker <a> in line 9
Spotted marker <ababab> in line 9
Spotted marker <abab> in line 9
Spotted marker <ab> in line 9
Spotted marker <a> in line 9
Spotted marker <a> in line 10
Spotted marker <ab> in line 10
Spotted marker <a> in line 10
Spotted marker <abab> in line 10
Spotted marker <ab> in line 10
Spotted marker <a> in line 10
Spotted marker <ababab> in line 10
Spotted marker <abab> in line 10
Spotted marker <ab> in line 10
Spotted marker <a> in line 10
Spotted marker <abababab> in line 10
Spotted marker <ababab> in line 10
Spotted marker <abab> in line 10
Spotted marker <ab> in line 10
Spotted marker <ababababa> in line 10
Spotted marker <a> in line 10
Spotted marker <a> in line 11
Spotted marker <ab> in line 11
Spotted marker <a> in line 11
Spotted marker <abab> in line 11
Spotted marker <ab> in line 11
Spotted marker <a> in line 11
Spotted marker <ababab> in line 11
Spotted marker <abab> in line 11
Spotted marker <ab> in line 11
Spotted marker <a> in line 11
Spotted marker <abababab> in line 11
Spotted marker <ababab> in line 11
Spotted marker <abab> in line 11
Spotted marker <ab> in line 11
Spotted marker <ababababa> in line 11
Spotted marker <a> in line 11
Spotted marker <abababab> in line 11
Spotted marker <ababab> in line 11
Spotted marker <abab> in line 11
Spotted marker <ab> in line 11
Spotted marker <ababababa> in line 11
Spotted marker <a> in line 11
Spotted marker <a> in line 12
Spotted marker <ab> in line 12
Spotted marker <a> in line 12
Spotted marker <abab> in line 12
Spotted marker <ab> in line 12
Spotted marker <a> in line 12
Spotted marker <a> in line 12
Spotted marker <ab> in line 12
Spotted marker <a> in line 12
Spotted marker <abab> in line 12
Spotted marker <ab> in line 12
Spotted marker <a> in line 12
Spotted marker <ababab> in line 12
Spotted marker <abab> in line 12
Spotted marker <ab> in line 12
Spotted marker <a> in line 12
